<?xml version="1.0" encoding="UTF-8"?>
<!-- Generated by org.testng.reporters.JUnitReportReporter -->
<testsuite hostname="Sallu" failures="0" tests="1" name="webElementCommand.HowToGetWebElementText" time="5.137" errors="0" timestamp="2024-05-18T22:28:07 BDT" skipped="0">
  <testcase classname="webElementCommand.HowToGetWebElementText" name="loginTest2" time="5.137"/>
</testsuite> <!-- webElementCommand.HowToGetWebElementText -->
