<?xml version="1.0" encoding="UTF-8"?>
<!-- Generated by org.testng.reporters.JUnitReportReporter -->
<testsuite hostname="Sallu" failures="0" tests="1" name="webDriverCommand.HowToOpenApplication" time="9.340" errors="0" timestamp="2024-05-15T13:57:58 BDT" skipped="0">
  <testcase classname="webDriverCommand.HowToOpenApplication" name="openFacebookWithChrome" time="9.340"/>
</testsuite> <!-- webDriverCommand.HowToOpenApplication -->
