<?xml version="1.0" encoding="UTF-8"?>
<!-- Generated by org.testng.reporters.JUnitReportReporter -->
<testsuite hostname="Sallu" failures="0" tests="1" name="webElementCommand.partialLinkText" time="8.239" errors="0" timestamp="2024-05-19T11:51:31 BDT" skipped="0">
  <testcase classname="webElementCommand.partialLinkText" name="partialLinkText2" time="8.239"/>
</testsuite> <!-- webElementCommand.partialLinkText -->
