<?xml version="1.0" encoding="UTF-8"?>
<!-- Generated by org.testng.reporters.JUnitReportReporter -->
<testsuite hostname="Sallu" failures="0" tests="2" name="locators.ContainTextFunction" time="28.324" errors="0" timestamp="2024-03-23T02:14:29 BDT" skipped="0">
  <testcase classname="locators.ContainTextFunction" name="regularTextFunction" time="23.045"/>
  <testcase classname="locators.ContainTextFunction" name="regularTextFunction" time="5.279"/>
</testsuite> <!-- locators.ContainTextFunction -->
