<?xml version="1.0" encoding="UTF-8"?>
<!-- Generated by org.testng.reporters.JUnitReportReporter -->
<testsuite hostname="Sallu" failures="0" tests="1" name="webElementCommand.LinkButton" time="6.600" errors="0" timestamp="2024-03-22T20:08:08 BDT" skipped="0">
  <testcase classname="webElementCommand.LinkButton" name="linkButtonText" time="6.600"/>
</testsuite> <!-- webElementCommand.LinkButton -->
