<?xml version="1.0" encoding="UTF-8"?>
<!-- Generated by org.testng.reporters.JUnitReportReporter -->
<testsuite hostname="Sallu" failures="0" tests="1" name="base.BaseTestWithIfAndElse" time="231.875" errors="0" timestamp="2024-08-08T22:23:10 BDT" skipped="0">
  <testcase classname="base.BaseTestWithIfAndElse" name="opneApplication" time="231.875"/>
</testsuite> <!-- base.BaseTestWithIfAndElse -->
