<?xml version="1.0" encoding="UTF-8"?>
<!-- Generated by org.testng.reporters.JUnitReportReporter -->
<testsuite hostname="Sallu" failures="0" tests="3" name="locators.RegularXpath1" time="14.751" errors="0" timestamp="2024-03-17T23:43:47 BDT" skipped="0">
  <testcase classname="locators.RegularXpath1" name="regularXpathTestForName" time="4.525"/>
  <testcase classname="locators.RegularXpath1" name="regularXpathTestForID" time="3.781"/>
  <testcase classname="locators.RegularXpath1" name="regularXpathTestForClass" time="6.445"/>
</testsuite> <!-- locators.RegularXpath1 -->
