<?xml version="1.0" encoding="UTF-8"?>
<!-- Generated by org.testng.reporters.JUnitReportReporter -->
<testsuite hostname="Sallu" failures="0" tests="2" name="webDriverCommand.FacebookTitleAndUrlTestWithMethod" time="7.701" errors="0" timestamp="2024-05-16T19:16:57 BDT" skipped="0">
  <testcase classname="webDriverCommand.FacebookTitleAndUrlTestWithMethod" name="titleTest" time="4.711"/>
  <testcase classname="webDriverCommand.FacebookTitleAndUrlTestWithMethod" name="urlTest" time="2.990"/>
</testsuite> <!-- webDriverCommand.FacebookTitleAndUrlTestWithMethod -->
