<?xml version="1.0" encoding="UTF-8"?>
<!-- Generated by org.testng.reporters.JUnitReportReporter -->
<testsuite hostname="Sallu" failures="0" tests="2" name="webDriverCommand.UrlAndTitleTestWithBaseTest" time="7.841" errors="0" timestamp="2024-03-17T23:48:35 BDT" skipped="0">
  <testcase classname="webDriverCommand.UrlAndTitleTestWithBaseTest" name="urlTest" time="4.793"/>
  <testcase classname="webDriverCommand.UrlAndTitleTestWithBaseTest" name="titleTest" time="3.048"/>
</testsuite> <!-- webDriverCommand.UrlAndTitleTestWithBaseTest -->
