<?xml version="1.0" encoding="UTF-8"?>
<!-- Generated by org.testng.reporters.JUnitReportReporter -->
<testsuite hostname="Sallu" failures="0" tests="1" name="webElementCommand.FindElement" time="13.220" errors="0" timestamp="2024-03-22T20:05:50 BDT" skipped="0">
  <testcase classname="webElementCommand.FindElement" name="loginTest" time="13.220"/>
</testsuite> <!-- webElementCommand.FindElement -->
