<?xml version="1.0" encoding="UTF-8"?>
<!-- Generated by org.testng.reporters.JUnitReportReporter -->
<testsuite hostname="Sallu" failures="0" tests="1" name="webDriverCommand.FacebookTitleAndUrlTestWithMethod" time="222.337" errors="0" timestamp="2024-08-08T22:24:14 BDT" skipped="0">
  <testcase classname="webDriverCommand.FacebookTitleAndUrlTestWithMethod" name="titleTest" time="222.337"/>
</testsuite> <!-- webDriverCommand.FacebookTitleAndUrlTestWithMethod -->
