<?xml version="1.0" encoding="UTF-8"?>
<!-- Generated by org.testng.reporters.JUnitReportReporter -->
<testsuite hostname="Sallu" failures="0" tests="1" name="locators.RegularXpath" time="6.976" errors="0" timestamp="2024-05-21T19:45:23 BDT" skipped="0">
  <testcase classname="locators.RegularXpath" name="regularXpathTestForID" time="6.976"/>
</testsuite> <!-- locators.RegularXpath -->
