<?xml version="1.0" encoding="UTF-8"?>
<!-- Generated by org.testng.reporters.JUnitReportReporter -->
<testsuite hostname="Sallu" failures="0" tests="2" name="webDriverCommand.FacebookTitleAndUrlTest" time="0.085" errors="0" timestamp="2024-03-14T22:46:11 BDT" skipped="0">
  <testcase classname="webDriverCommand.FacebookTitleAndUrlTest" name="urlTest" time="0.034"/>
  <testcase classname="webDriverCommand.FacebookTitleAndUrlTest" name="titleTest" time="0.051"/>
</testsuite> <!-- webDriverCommand.FacebookTitleAndUrlTest -->
