<?xml version="1.0" encoding="UTF-8"?>
<!-- Generated by org.testng.reporters.JUnitReportReporter -->
<testsuite hostname="Sallu" failures="0" tests="6" name="locators.DirectLocators" time="22.899" errors="0" timestamp="2024-05-19T12:04:04 BDT" skipped="0">
  <testcase classname="locators.DirectLocators" name="whatIsdirectLocator" time="3.172"/>
  <testcase classname="locators.DirectLocators" name="idTest" time="2.873"/>
  <testcase classname="locators.DirectLocators" name="nameTest" time="2.660"/>
  <testcase classname="locators.DirectLocators" name="classTest" time="4.069"/>
  <testcase classname="locators.DirectLocators" name="linkTest" time="4.262"/>
  <testcase classname="locators.DirectLocators" name="partialTest" time="5.863"/>
</testsuite> <!-- locators.DirectLocators -->
