<?xml version="1.0" encoding="UTF-8"?>
<!-- Generated by org.testng.reporters.JUnitReportReporter -->
<testsuite hostname="Sallu" failures="0" tests="2" name="locators.LinkXpath" time="11.314" errors="0" timestamp="2024-03-18T00:39:49 BDT" skipped="0">
  <testcase classname="locators.LinkXpath" name="linkXpathTest" time="6.272"/>
  <testcase classname="locators.LinkXpath" name="linkXpathTest" time="5.042"/>
</testsuite> <!-- locators.LinkXpath -->
