<?xml version="1.0" encoding="UTF-8"?>
<!-- Generated by org.testng.reporters.JUnitReportReporter -->
<testsuite hostname="Sallu" failures="0" tests="4" name="webDriverCommand.WebdriverMethods" time="17.615" errors="0" timestamp="2024-05-14T15:04:26 BDT" skipped="0">
  <testcase classname="webDriverCommand.WebdriverMethods" name="maximizeWindow" time="3.603"/>
  <testcase classname="webDriverCommand.WebdriverMethods" name="getFacebookTitle" time="6.903"/>
  <testcase classname="webDriverCommand.WebdriverMethods" name="getFacebookUrl" time="3.113"/>
  <testcase classname="webDriverCommand.WebdriverMethods" name="implecitelyWait" time="3.996"/>
</testsuite> <!-- webDriverCommand.WebdriverMethods -->
