<?xml version="1.0" encoding="UTF-8"?>
<!-- Generated by org.testng.reporters.JUnitReportReporter -->
<testsuite hostname="Sallu" failures="0" tests="1" name="base.LoginTestWithMultipleBrowser" time="5.677" errors="0" timestamp="2024-08-08T23:18:28 BDT" skipped="0">
  <testcase classname="base.LoginTestWithMultipleBrowser" name="loginTest" time="5.677"/>
</testsuite> <!-- base.LoginTestWithMultipleBrowser -->
