<?xml version="1.0" encoding="UTF-8"?>
<!-- Generated by org.testng.reporters.JUnitReportReporter -->
<testsuite hostname="Sallu" failures="0" tests="4" name="locators.DynamicXpath" time="21.365" errors="0" timestamp="2024-03-18T00:21:31 BDT" skipped="0">
  <testcase classname="locators.DynamicXpath" name="loginTest" time="7.388"/>
  <testcase classname="locators.DynamicXpath" name="loginTest" time="4.428"/>
  <testcase classname="locators.DynamicXpath" name="loginTest" time="4.722"/>
  <testcase classname="locators.DynamicXpath" name="loginTest" time="4.827"/>
</testsuite> <!-- locators.DynamicXpath -->
